<?xml version="1.0" encoding="UTF-8"?>
<testsuite xmlns:xsi="http://www.w3.org/2001/XMLSchema-instance" xsi:noNamespaceSchemaLocation="https://maven.apache.org/surefire/maven-surefire-plugin/xsd/surefire-test-report.xsd" name="com.sg.supersightings.Dao.SightingsDaoDBTest" time="3.905" tests="1" errors="1" skipped="0" failures="0">
  <properties>
[...]
</properties>
  <testcase name="testAndGetSightings" classname="com.sg.supersightings.Dao.SightingsDaoDBTest" time="0.788">
    <error type="java.lang.NullPointerException">java.lang.NullPointerException
	at com.sg.supersightings.Dao.SightingsDaoDBTest.testAndGetSightings(SightingsDaoDBTest.java:100)
</error>
    <system-out><![CDATA[23:00:24.380 [main] DEBUG org.springframework.test.context.junit4.SpringJUnit4ClassRunner - SpringJUnit4ClassRunner constructor called with [class com.sg.supersightings.Dao.SightingsDaoDBTest]
23:00:24.385 [main] DEBUG org.springframework.test.context.BootstrapUtils - Instantiating CacheAwareContextLoaderDelegate from class [org.springframework.test.context.cache.DefaultCacheAwareContextLoaderDelegate]
23:00:24.393 [main] DEBUG org.springframework.test.context.BootstrapUtils - Instantiating BootstrapContext using constructor [public org.springframework.test.context.support.DefaultBootstrapContext(java.lang.Class,org.springframework.test.context.CacheAwareContextLoaderDelegate)]
23:00:24.410 [main] DEBUG org.springframework.test.context.BootstrapUtils - Instantiating TestContextBootstrapper for test class [com.sg.supersightings.Dao.SightingsDaoDBTest] from class [org.springframework.boot.test.context.SpringBootTestContextBootstrapper]
23:00:24.420 [main] INFO org.springframework.boot.test.context.SpringBootTestContextBootstrapper - Neither @ContextConfiguration nor @ContextHierarchy found for test class [com.sg.supersightings.Dao.SightingsDaoDBTest], using SpringBootContextLoader
23:00:24.424 [main] DEBUG org.springframework.test.context.support.AbstractContextLoader - Did not detect default resource location for test class [com.sg.supersightings.Dao.SightingsDaoDBTest]: class path resource [com/sg/supersightings/Dao/SightingsDaoDBTest-context.xml] does not exist
23:00:24.424 [main] DEBUG org.springframework.test.context.support.AbstractContextLoader - Did not detect default resource location for test class [com.sg.supersightings.Dao.SightingsDaoDBTest]: class path resource [com/sg/supersightings/Dao/SightingsDaoDBTestContext.groovy] does not exist
23:00:24.425 [main] INFO org.springframework.test.context.support.AbstractContextLoader - Could not detect default resource locations for test class [com.sg.supersightings.Dao.SightingsDaoDBTest]: no resource found for suffixes {-context.xml, Context.groovy}.
23:00:24.425 [main] INFO org.springframework.test.context.support.AnnotationConfigContextLoaderUtils - Could not detect default configuration classes for test class [com.sg.supersightings.Dao.SightingsDaoDBTest]: SightingsDaoDBTest does not declare any static, non-private, non-final, nested classes annotated with @Configuration.
23:00:24.469 [main] DEBUG org.springframework.test.context.support.ActiveProfilesUtils - Could not find an 'annotation declaring class' for annotation type [org.springframework.test.context.ActiveProfiles] and class [com.sg.supersightings.Dao.SightingsDaoDBTest]
23:00:24.541 [main] DEBUG org.springframework.context.annotation.ClassPathScanningCandidateComponentProvider - Identified candidate component class: file [L:\Repos\SuperHeroFullStackWebApp\SuperSightings\target\classes\com\sg\supersightings\App.class]
23:00:24.543 [main] INFO org.springframework.boot.test.context.SpringBootTestContextBootstrapper - Found @SpringBootConfiguration com.sg.supersightings.App for test class com.sg.supersightings.Dao.SightingsDaoDBTest
23:00:24.620 [main] DEBUG org.springframework.boot.test.context.SpringBootTestContextBootstrapper - @TestExecutionListeners is not present for class [com.sg.supersightings.Dao.SightingsDaoDBTest]: using defaults.
23:00:24.621 [main] INFO org.springframework.boot.test.context.SpringBootTestContextBootstrapper - Loaded default TestExecutionListener class names from location [META-INF/spring.factories]: [org.springframework.boot.test.mock.mockito.MockitoTestExecutionListener, org.springframework.boot.test.mock.mockito.ResetMocksTestExecutionListener, org.springframework.boot.test.autoconfigure.restdocs.RestDocsTestExecutionListener, org.springframework.boot.test.autoconfigure.web.client.MockRestServiceServerResetTestExecutionListener, org.springframework.boot.test.autoconfigure.web.servlet.MockMvcPrintOnlyOnFailureTestExecutionListener, org.springframework.boot.test.autoconfigure.web.servlet.WebDriverTestExecutionListener, org.springframework.test.context.web.ServletTestExecutionListener, org.springframework.test.context.support.DirtiesContextBeforeModesTestExecutionListener, org.springframework.test.context.support.DependencyInjectionTestExecutionListener, org.springframework.test.context.support.DirtiesContextTestExecutionListener, org.springframework.test.context.transaction.TransactionalTestExecutionListener, org.springframework.test.context.jdbc.SqlScriptsTestExecutionListener]
23:00:24.635 [main] INFO org.springframework.boot.test.context.SpringBootTestContextBootstrapper - Using TestExecutionListeners: [org.springframework.test.context.web.ServletTestExecutionListener@418c5a9c, org.springframework.test.context.support.DirtiesContextBeforeModesTestExecutionListener@18e36d14, org.springframework.boot.test.mock.mockito.MockitoTestExecutionListener@5082d622, org.springframework.boot.test.autoconfigure.SpringBootDependencyInjectionTestExecutionListener@13d4992d, org.springframework.test.context.support.DirtiesContextTestExecutionListener@302f7971, org.springframework.test.context.transaction.TransactionalTestExecutionListener@332729ad, org.springframework.test.context.jdbc.SqlScriptsTestExecutionListener@75d2da2d, org.springframework.boot.test.mock.mockito.ResetMocksTestExecutionListener@4278284b, org.springframework.boot.test.autoconfigure.restdocs.RestDocsTestExecutionListener@9573584, org.springframework.boot.test.autoconfigure.web.client.MockRestServiceServerResetTestExecutionListener@3370f42, org.springframework.boot.test.autoconfigure.web.servlet.MockMvcPrintOnlyOnFailureTestExecutionListener@6057aebb, org.springframework.boot.test.autoconfigure.web.servlet.WebDriverTestExecutionListener@63eef88a]
23:00:24.636 [main] DEBUG org.springframework.test.annotation.ProfileValueUtils - Retrieved @ProfileValueSourceConfiguration [null] for test class [com.sg.supersightings.Dao.SightingsDaoDBTest]
23:00:24.637 [main] DEBUG org.springframework.test.annotation.ProfileValueUtils - Retrieved ProfileValueSource type [class org.springframework.test.annotation.SystemProfileValueSource] for class [com.sg.supersightings.Dao.SightingsDaoDBTest]
23:00:24.638 [main] DEBUG org.springframework.test.annotation.ProfileValueUtils - Retrieved @ProfileValueSourceConfiguration [null] for test class [com.sg.supersightings.Dao.SightingsDaoDBTest]
23:00:24.638 [main] DEBUG org.springframework.test.annotation.ProfileValueUtils - Retrieved ProfileValueSource type [class org.springframework.test.annotation.SystemProfileValueSource] for class [com.sg.supersightings.Dao.SightingsDaoDBTest]
23:00:24.639 [main] DEBUG org.springframework.test.annotation.ProfileValueUtils - Retrieved @ProfileValueSourceConfiguration [null] for test class [com.sg.supersightings.Dao.SightingsDaoDBTest]
23:00:24.639 [main] DEBUG org.springframework.test.annotation.ProfileValueUtils - Retrieved ProfileValueSource type [class org.springframework.test.annotation.SystemProfileValueSource] for class [com.sg.supersightings.Dao.SightingsDaoDBTest]
23:00:24.642 [main] DEBUG org.springframework.test.context.support.AbstractDirtiesContextTestExecutionListener - Before test class: context [DefaultTestContext@20f5281c testClass = SightingsDaoDBTest, testInstance = [null], testMethod = [null], testException = [null], mergedContextConfiguration = [WebMergedContextConfiguration@56c4278e testClass = SightingsDaoDBTest, locations = '{}', classes = '{class com.sg.supersightings.App}', contextInitializerClasses = '[]', activeProfiles = '{}', propertySourceLocations = '{}', propertySourceProperties = '{org.springframework.boot.test.context.SpringBootTestContextBootstrapper=true}', contextCustomizers = set[org.springframework.boot.test.context.filter.ExcludeFilterContextCustomizer@482bce4f, org.springframework.boot.test.json.DuplicateJsonObjectContextCustomizerFactory$DuplicateJsonObjectContextCustomizer@1649b0e6, org.springframework.boot.test.mock.mockito.MockitoContextCustomizer@0, org.springframework.boot.test.web.client.TestRestTemplateContextCustomizer@59af0466, org.springframework.boot.test.autoconfigure.properties.PropertyMappingContextCustomizer@0, org.springframework.boot.test.autoconfigure.web.servlet.WebDriverContextCustomizerFactory$Customizer@51dcb805], resourceBasePath = 'src/main/webapp', contextLoader = 'org.springframework.boot.test.context.SpringBootContextLoader', parent = [null]], attributes = map['org.springframework.test.context.web.ServletTestExecutionListener.activateListener' -> true]], class annotated with @DirtiesContext [false] with mode [null].
23:00:24.643 [main] DEBUG org.springframework.test.annotation.ProfileValueUtils - Retrieved @ProfileValueSourceConfiguration [null] for test class [com.sg.supersightings.Dao.SightingsDaoDBTest]
23:00:24.643 [main] DEBUG org.springframework.test.annotation.ProfileValueUtils - Retrieved ProfileValueSource type [class org.springframework.test.annotation.SystemProfileValueSource] for class [com.sg.supersightings.Dao.SightingsDaoDBTest]
23:00:24.664 [main] DEBUG org.springframework.test.context.support.TestPropertySourceUtils - Adding inlined properties to environment: {spring.jmx.enabled=false, org.springframework.boot.test.context.SpringBootTestContextBootstrapper=true, server.port=-1}

  .   ____          _            __ _ _
 /\\ / ___'_ __ _ _(_)_ __  __ _ \ \ \ \
( ( )\___ | '_ | '_| | '_ \/ _` | \ \ \ \
 \\/  ___)| |_)| | | | | || (_| |  ) ) ) )
  '  |____| .__|_| |_|_| |_\__, | / / / /
 =========|_|==============|___/=/_/_/_/
 :: Spring Boot ::        (v2.1.8.RELEASE)

2019-10-14 23:00:24.938  INFO 5084 --- [           main] c.s.s.Dao.SightingsDaoDBTest             : Starting SightingsDaoDBTest on DESKTOP-NEKGIJ1 with PID 5084 (started by Likewise in L:\Repos\SuperHeroFullStackWebApp\SuperSightings)
2019-10-14 23:00:24.940  INFO 5084 --- [           main] c.s.s.Dao.SightingsDaoDBTest             : No active profile set, falling back to default profiles: default
2019-10-14 23:00:25.564  INFO 5084 --- [           main] .s.d.r.c.RepositoryConfigurationDelegate : Bootstrapping Spring Data repositories in DEFAULT mode.
2019-10-14 23:00:25.585  INFO 5084 --- [           main] .s.d.r.c.RepositoryConfigurationDelegate : Finished Spring Data repository scanning in 16ms. Found 0 repository interfaces.
2019-10-14 23:00:25.986  INFO 5084 --- [           main] trationDelegate$BeanPostProcessorChecker : Bean 'org.springframework.transaction.annotation.ProxyTransactionManagementConfiguration' of type [org.springframework.transaction.annotation.ProxyTransactionManagementConfiguration$$EnhancerBySpringCGLIB$$e56fcb24] is not eligible for getting processed by all BeanPostProcessors (for example: not eligible for auto-proxying)
2019-10-14 23:00:26.808  INFO 5084 --- [           main] o.s.s.concurrent.ThreadPoolTaskExecutor  : Initializing ExecutorService 'applicationTaskExecutor'
2019-10-14 23:00:27.047  WARN 5084 --- [           main] ion$DefaultTemplateResolverConfiguration : Cannot find template location: classpath:/templates/ (please add some templates or check your Thymeleaf configuration)
2019-10-14 23:00:27.350  INFO 5084 --- [           main] c.s.s.Dao.SightingsDaoDBTest             : Started SightingsDaoDBTest in 2.678 seconds (JVM running for 3.438)
2019-10-14 23:00:27.676  INFO 5084 --- [           main] com.zaxxer.hikari.HikariDataSource       : HikariPool-1 - Starting...
2019-10-14 23:00:27.852  INFO 5084 --- [           main] com.zaxxer.hikari.HikariDataSource       : HikariPool-1 - Start completed.
]]></system-out>
  </testcase>
</testsuite>